Requested URL: /accounts/google/login/
Requested URL: /accounts/google/login/
Requested URL: /accounts/google/login/
Requested URL: /accounts/google/login/
Requested URL: /accounts/google/login/
Requested URL: /accounts/google/login/
Requested URL: /accounts/google/login/
Requested URL: /accounts/google/login/
Requested URL: /accounts/google/login/
Requested URL: /accounts/google/login/
Requested URL: /accounts/google/login/
Requested URL: /accounts/google/login/
Requested URL: /accounts/google/login/
Requested URL: /accounts/google/login/
Requested URL: /accounts/google/login/
Requested URL: /accounts/google/login/
Requested URL: /accounts/google/login/
Requested URL: /accounts/google/login/
Requested URL: /accounts/google/login/
Requested URL: /accounts/google/login/
Requested URL: /accounts/google/login/
Requested URL: /accounts/google/login/
Requested URL: /accounts/google/login/
Requested URL: /accounts/google/login/
Requested URL: /accounts/google/login/
Requested URL: /accounts/google/login/
Requested URL: /accounts/google/login/
Requested URL: /accounts/google/login/
Requested URL: /accounts/google/login/
Requested URL: /accounts/google/login/callback/
Requested URL: /accounts/google/login/
Requested URL: /accounts/google/login/
Requested URL: /accounts/google/login/callback/
Requested URL: /accounts/google/login/
Requested URL: /accounts/google/login/
Requested URL: /accounts/google/login/callback/
Requested URL: /accounts/google/login/
Requested URL: /accounts/google/login/
Requested URL: /accounts/google/login/
Requested URL: /accounts/google/login/callback/
Requested URL: /accounts/google/login/callback/
Requested URL: /accounts/google/login/
Requested URL: /accounts/google/login/
Requested URL: /accounts/google/login/callback/
Requested URL: /accounts/google/login/callback/
Requested URL: /accounts/google/login/
Requested URL: /accounts/google/login/
Requested URL: /accounts/google/login/callback/
Requested URL: /accounts/google/login/callback/
Requested URL: /accounts/google/login/callback/
Requested URL: /accounts/google
Requested URL: /accounts/google/
Requested URL: /accounts/google/login
Requested URL: /accounts/google/login/
Requested URL: /accounts/google/login
Requested URL: /accounts/google/login/
Requested URL: /accounts/google/login/
Requested URL: /accounts/google/login/
Requested URL: /accounts/google/login/
Requested URL: /accounts/google/login/callback/
Requested URL: /accounts/google/login/callback/
Requested URL: /accounts/google/login/callback/
Requested URL: /accounts/google/login/
Requested URL: /accounts/google/login/
Requested URL: /accounts/google/login/
Requested URL: /accounts/google/login/
Requested URL: /accounts/google/login/callback/
Requested URL: /accounts/google/login/
Requested URL: /accounts/google/login/
Requested URL: /accounts/google/login/callback/
Requested URL: /accounts/google/login/callback/
Requested URL: /accounts/google/login/callback/
Requested URL: /accounts/google/login/
Requested URL: /accounts/google/login/
Requested URL: /accounts/google/login/
Requested URL: /accounts/google/login/callback/
Requested URL: /accounts/google/login/
Requested URL: /accounts/google/login/
Requested URL: /accounts/google/login/callback/
Requested URL: /accounts/google/login/
Requested URL: /accounts/google/login/
Requested URL: /accounts/google/login/
Requested URL: /accounts/google/login/
Requested URL: /accounts/google/login/
Requested URL: /accounts/google/login/callback/
Requested URL: /accounts/google/login/callback/
Requested URL: /accounts/google/login/
Requested URL: /accounts/google/login/
Requested URL: /accounts/google/login/callback/
Requested URL: /accounts/google/login/
Requested URL: /accounts/google/login/
Requested URL: /accounts/google/login/callback/
Requested URL: /accounts/google/login/
Requested URL: /accounts/google/login/
Requested URL: /accounts/google/login/callback/
Requested URL: /accounts/google/login/
Requested URL: /accounts/google/login/
Requested URL: /accounts/google/login/
Requested URL: /accounts/google/login/
Requested URL: /accounts/google/login/
Requested URL: /accounts/google/login/
Requested URL: /accounts/google/login/
Requested URL: /accounts/google/login/callback/
Requested URL: /accounts/google/login/callback/
Requested URL: /accounts/google/login/
Requested URL: /accounts/google/login/
Requested URL: /accounts/google/login/callback/
Requested URL: /accounts/google/login/
Requested URL: /accounts/google/login/callback/
Requested URL: /accounts/google/login/
Requested URL: /accounts/google/login/
Requested URL: /accounts/google/login/
Requested URL: /accounts/google/login/
Requested URL: /accounts/google/login/
Requested URL: /accounts/google/login/
Requested URL: /accounts/google/login/
Requested URL: /accounts/google/login/
Requested URL: /accounts/google/login/
Requested URL: /accounts/google/login/
Requested URL: /accounts/google/login/
Requested URL: /accounts/google/login/callback/
Requested URL: /accounts/google/login/
Requested URL: /accounts/google/login/
Requested URL: /accounts/google/login/
Requested URL: /accounts/google/login/
Requested URL: /accounts/google/login/
Requested URL: /accounts/google/login/
Requested URL: /accounts/google/login/
Requested URL: /accounts/google/login/
Requested URL: /accounts/google/login/
Requested URL: /accounts/google/login/
Requested URL: /accounts/google/login/
Requested URL: /accounts/google/login/
Requested URL: /accounts/google/login/
Requested URL: /accounts/google/login/
Requested URL: /accounts/google/login/
Requested URL: /accounts/google/login/callback/
Requested URL: /accounts/google/login/
Requested URL: /accounts/google/login/
Requested URL: /accounts/google/login/
Requested URL: /accounts/google/login/
Requested URL: /accounts/google/login/
Requested URL: /accounts/google/login/
Requested URL: /accounts/google/login/callback/
Requested URL: /accounts/google/login/
Requested URL: /accounts/google/login/
Requested URL: /accounts/google/login/
Requested URL: /accounts/google/login/
Requested URL: /accounts/google/login/
Requested URL: /accounts/google/login/
Requested URL: /accounts/google/login/
Requested URL: /accounts/google/login/
Requested URL: /accounts/google/login/
Requested URL: /accounts/google/login/
Requested URL: /accounts/google/login/
Requested URL: /accounts/google/login/
Requested URL: /accounts/google/login/
Requested URL: /accounts/google/login/
Requested URL: /accounts/google/login/
Requested URL: /accounts/google/login/
Requested URL: /accounts/google/login/
Requested URL: /accounts/google/login/
Requested URL: /accounts/google/login/
Requested URL: /accounts/google/login/callback/
Requested URL: /accounts/google/login/
Requested URL: /accounts/google/login/
Requested URL: /accounts/google/login/callback/
Requested URL: /accounts/google/login/
Requested URL: /accounts/google/login/
Requested URL: /accounts/google/login/
Requested URL: /accounts/google/login/callback/
Requested URL: /accounts/google/login/
Requested URL: /accounts/google/login/
Requested URL: /accounts/google/login/callback/
Requested URL: /accounts/google/login/
Requested URL: /accounts/google/login/
Requested URL: /accounts/google/login/
Requested URL: /accounts/google/login/
Requested URL: /accounts/google/login/callback/
Requested URL: /accounts/google/login/
Requested URL: /accounts/google/login/
Requested URL: /accounts/google/login/
Requested URL: /accounts/google/login/
Requested URL: /accounts/google/login/callback/
Requested URL: /accounts/google/login/
Requested URL: /accounts/google/login/
Requested URL: /accounts/google/login/callback/
Requested URL: /accounts/google/login/
Requested URL: /accounts/google/login/
Requested URL: /accounts/google/login/
Requested URL: /accounts/google/login/
Requested URL: /accounts/google/login/
Requested URL: /accounts/google/login/
Requested URL: /accounts/google/login/
Requested URL: /accounts/google/login/callback/
Requested URL: /accounts/google/login/
Requested URL: /accounts/google/login/
Requested URL: /accounts/google/login/callback/
Requested URL: /accounts/google/login/
Requested URL: /accounts/google/login/
Requested URL: /accounts/google/login/
Requested URL: /accounts/google/login/callback/
Requested URL: /accounts/google/login/
Requested URL: /accounts/google/login/
Requested URL: /accounts/google/login/callback/
Requested URL: /accounts/google/login/
Requested URL: /accounts/google/login/
Requested URL: /accounts/google/login/callback/
Requested URL: /accounts/google/login/
Requested URL: /accounts/google/login/
Requested URL: /accounts/google/login/callback/
Requested URL: /accounts/google/login/
Requested URL: /accounts/google/login/
Requested URL: /accounts/google/login/callback/
Requested URL: /accounts/google/login/
Requested URL: /accounts/google/login/
Requested URL: /accounts/google/login/callback/
Requested URL: /accounts/google/login/
Requested URL: /accounts/google/login/
Requested URL: /accounts/google/login/callback/
Requested URL: /accounts/google/login/
Requested URL: /accounts/google/login/
Requested URL: /accounts/google/login/callback/
Requested URL: /accounts/google/login/
Requested URL: /accounts/google/login/
Requested URL: /accounts/google/login/
